<?xml version="1.0" encoding="UTF-8"?>
<!-- Generated by org.testng.reporters.JUnitXMLReporter -->
<testsuite ignored="1" hostname="hp" failures="0" tests="1" name="Default test(failed)" time="0.054" errors="0" timestamp="2025-11-04T10:44:03 IST">
  <testcase classname="com.comcast.crm.basetest.BaseClass" name="@BeforeClass configBC" time="0.001">
    <failure type="java.lang.NullPointerException" message="Cannot invoke &amp;quot;String.equalsIgnoreCase(String)&amp;quot; because &amp;quot;BROWSER&amp;quot; is null">
      <![CDATA[java.lang.NullPointerException: Cannot invoke "String.equalsIgnoreCase(String)" because "BROWSER" is null
at com.comcast.crm.basetest.BaseClass.configBC(BaseClass.java:53)
at java.base/java.util.ArrayList.forEach(ArrayList.java:1596)
... Removed 23 stack frames]]>
    </failure>
  </testcase> <!-- @BeforeClass configBC -->
  <testcase classname="com.comcast.crm.basetest.BaseClass" name="@BeforeMethod configBM" time="-1.762233243496E9">
    <skipped/>
  </testcase> <!-- @BeforeMethod configBM -->
  <testcase classname="com.comcast.crm.basetest.BaseClass" name="@AfterMethod configAM" time="-1.762233243504E9">
    <skipped/>
  </testcase> <!-- @AfterMethod configAM -->
  <testcase classname="com.comcast.crm.basetest.BaseClass" name="@AfterClass configAC" time="-1.762233243506E9">
    <skipped/>
  </testcase> <!-- @AfterClass configAC -->
  <testcase classname="listener.InvoiceTest" name="ActivateSim" time="0.0">
    <skipped/>
  </testcase> <!-- ActivateSim -->
  <testcase classname="listener.InvoiceTest" name="creatinvoiceTest" time="0.0">
    <ignored/>
  </testcase> <!-- creatinvoiceTest -->
</testsuite> <!-- Default test(failed) -->
