<?xml version="1.0" encoding="UTF-8"?>
<!-- Generated by org.testng.reporters.JUnitXMLReporter -->
<testsuite ignored="0" hostname="Boomi-Deepak" failures="0" tests="3" name="Default test" time="32.979" errors="0" timestamp="2025-12-26T11:00:59 IST">
  <testcase classname="com.crm.gen.orgTest.CreateOrg" name="createOrgWithPhoneNumber" time="6.942"/>
  <testcase classname="com.crm.gen.orgTest.CreateOrg" name="createOrgWithType" time="6.119"/>
  <testcase classname="com.crm.gen.orgTest.CreateOrg" name="createorgtest" time="5.485"/>
</testsuite> <!-- Default test -->
