<?xml version="1.0" encoding="UTF-8"?>
<!-- Generated by org.testng.reporters.JUnitXMLReporter -->
<testsuite ignored="2" hostname="hp" failures="0" tests="1" name="Test" time="22.018" errors="0" timestamp="2025-10-14T12:56:48 IST">
  <testcase classname="com.crm.orgTest.createOrgTest1" name="createorgTest" time="17.353"/>
  <testcase classname="com.crm.orgTest.createOrgTest1" name="createorgwithindustryTest" time="0.0">
    <ignored/>
  </testcase> <!-- createorgwithindustryTest -->
  <testcase classname="com.crm.orgTest.createOrgTest1" name="createorgwithpnTest" time="0.0">
    <ignored/>
  </testcase> <!-- createorgwithpnTest -->
</testsuite> <!-- Test -->
