<?xml version="1.0" encoding="UTF-8"?>
<testng-results ignored="0" total="3" passed="3" failed="0" skipped="0">
  <reporter-output>
  </reporter-output>
  <suite started-at="2025-12-26T11:00:26 IST" name="Default suite" finished-at="2025-12-26T11:00:59 IST" duration-ms="32979">
    <groups>
    </groups>
    <test started-at="2025-12-26T11:00:26 IST" name="Default test" finished-at="2025-12-26T11:00:59 IST" duration-ms="32979">
      <class name="com.crm.gen.orgTest.CreateOrg">
        <test-method is-config="true" signature="configBS()[pri:0, instance:com.crm.gen.orgTest.CreateOrg@291ae]" started-at="2025-12-26T11:00:25 IST" name="configBS" finished-at="2025-12-26T11:00:26 IST" duration-ms="1038" status="PASS">
          <reporter-output>
          </reporter-output>
        </test-method> <!-- configBS -->
        <test-method is-config="true" signature="configBC()[pri:0, instance:com.crm.gen.orgTest.CreateOrg@291ae]" started-at="2025-12-26T11:00:26 IST" name="configBC" finished-at="2025-12-26T11:00:30 IST" duration-ms="3517" status="PASS">
          <reporter-output>
          </reporter-output>
        </test-method> <!-- configBC -->
        <test-method is-config="true" signature="configBM()[pri:0, instance:com.crm.gen.orgTest.CreateOrg@291ae]" started-at="2025-12-26T11:00:30 IST" name="configBM" finished-at="2025-12-26T11:00:33 IST" duration-ms="3691" status="PASS">
          <reporter-output>
          </reporter-output>
        </test-method> <!-- configBM -->
        <test-method signature="createOrgWithPhoneNumber()[pri:0, instance:com.crm.gen.orgTest.CreateOrg@291ae]" started-at="2025-12-26T11:00:33 IST" name="createOrgWithPhoneNumber" finished-at="2025-12-26T11:00:40 IST" duration-ms="6942" status="PASS">
          <reporter-output>
          </reporter-output>
        </test-method> <!-- createOrgWithPhoneNumber -->
        <test-method is-config="true" signature="configAM()[pri:0, instance:com.crm.gen.orgTest.CreateOrg@291ae]" started-at="2025-12-26T11:00:40 IST" name="configAM" finished-at="2025-12-26T11:00:41 IST" duration-ms="851" status="PASS">
          <reporter-output>
          </reporter-output>
        </test-method> <!-- configAM -->
        <test-method is-config="true" signature="configBM()[pri:0, instance:com.crm.gen.orgTest.CreateOrg@291ae]" started-at="2025-12-26T11:00:41 IST" name="configBM" finished-at="2025-12-26T11:00:43 IST" duration-ms="1511" status="PASS">
          <reporter-output>
          </reporter-output>
        </test-method> <!-- configBM -->
        <test-method signature="createOrgWithType()[pri:0, instance:com.crm.gen.orgTest.CreateOrg@291ae]" started-at="2025-12-26T11:00:43 IST" name="createOrgWithType" finished-at="2025-12-26T11:00:49 IST" duration-ms="6119" status="PASS">
          <reporter-output>
          </reporter-output>
        </test-method> <!-- createOrgWithType -->
        <test-method is-config="true" signature="configAM()[pri:0, instance:com.crm.gen.orgTest.CreateOrg@291ae]" started-at="2025-12-26T11:00:49 IST" name="configAM" finished-at="2025-12-26T11:00:50 IST" duration-ms="777" status="PASS">
          <reporter-output>
          </reporter-output>
        </test-method> <!-- configAM -->
        <test-method is-config="true" signature="configBM()[pri:0, instance:com.crm.gen.orgTest.CreateOrg@291ae]" started-at="2025-12-26T11:00:50 IST" name="configBM" finished-at="2025-12-26T11:00:51 IST" duration-ms="1557" status="PASS">
          <reporter-output>
          </reporter-output>
        </test-method> <!-- configBM -->
        <test-method signature="createorgtest()[pri:0, instance:com.crm.gen.orgTest.CreateOrg@291ae]" started-at="2025-12-26T11:00:51 IST" name="createorgtest" finished-at="2025-12-26T11:00:57 IST" duration-ms="5485" status="PASS">
          <reporter-output>
          </reporter-output>
        </test-method> <!-- createorgtest -->
        <test-method is-config="true" signature="configAM()[pri:0, instance:com.crm.gen.orgTest.CreateOrg@291ae]" started-at="2025-12-26T11:00:57 IST" name="configAM" finished-at="2025-12-26T11:00:58 IST" duration-ms="1072" status="PASS">
          <reporter-output>
          </reporter-output>
        </test-method> <!-- configAM -->
        <test-method is-config="true" signature="configAC()[pri:0, instance:com.crm.gen.orgTest.CreateOrg@291ae]" started-at="2025-12-26T11:00:58 IST" name="configAC" finished-at="2025-12-26T11:00:59 IST" duration-ms="1358" status="PASS">
          <reporter-output>
          </reporter-output>
        </test-method> <!-- configAC -->
        <test-method is-config="true" signature="configAS()[pri:0, instance:com.crm.gen.orgTest.CreateOrg@291ae]" started-at="2025-12-26T11:00:59 IST" name="configAS" finished-at="2025-12-26T11:00:59 IST" duration-ms="0" status="PASS">
          <reporter-output>
          </reporter-output>
        </test-method> <!-- configAS -->
      </class> <!-- com.crm.gen.orgTest.CreateOrg -->
    </test> <!-- Default test -->
  </suite> <!-- Default suite -->
</testng-results>
