<?xml version="1.0" encoding="UTF-8"?>
<!-- Generated by org.testng.reporters.JUnitReportReporter -->
<testsuite hostname="hp" failures="0" tests="3" name="com.crm.gen.orgTest.CreateOrgTest" time="25.573" errors="0" timestamp="2025-10-30T11:35:01 IST" skipped="0">
  <testcase classname="com.crm.gen.orgTest.CreateOrgTest" name="createOrgTest" time="9.124"/>
  <system-out/>
  <testcase classname="com.crm.gen.orgTest.CreateOrgTest" name="createOrgWithIndustriesTest" time="8.015"/>
  <system-out/>
  <testcase classname="com.crm.gen.orgTest.CreateOrgTest" name="createOrgWithPhoneNumberTest" time="8.434"/>
  <system-out/>
</testsuite> <!-- com.crm.gen.orgTest.CreateOrgTest -->
