<?xml version="1.0" encoding="UTF-8"?>
<!-- Generated by org.testng.reporters.JUnitReportReporter -->
<testsuite hostname="Boomi-Deepak" failures="0" tests="3" name="com.crm.gen.orgTest.CreateOrg" time="28.005" errors="0" timestamp="2025-12-26T11:00:59 IST" skipped="0">
  <testcase classname="com.crm.gen.orgTest.CreateOrg" name="createorgtest" time="7.847"/>
  <system-out/>
  <testcase classname="com.crm.gen.orgTest.CreateOrg" name="createOrgWithType" time="10.882"/>
  <system-out/>
  <testcase classname="com.crm.gen.orgTest.CreateOrg" name="createOrgWithPhoneNumber" time="9.276"/>
  <system-out/>
</testsuite> <!-- com.crm.gen.orgTest.CreateOrg -->
