<?xml version="1.0" encoding="UTF-8"?>
<!-- Generated by org.testng.reporters.JUnitReportReporter -->
<testsuite hostname="hp" failures="0" tests="3" name="com.crm.gen.contacttest.CreateContactTest" time="30.620" errors="0" timestamp="2025-10-30T11:34:26 IST" skipped="0">
  <testcase classname="com.crm.gen.contacttest.CreateContactTest" name="createContactTest1" time="11.443"/>
  <system-out/>
  <testcase classname="com.crm.gen.contacttest.CreateContactTest" name="createContactWithSupportDateTest1" time="7.725"/>
  <system-out/>
  <testcase classname="com.crm.gen.contacttest.CreateContactTest" name="createContactWithOrgTest1" time="11.452"/>
  <system-out/>
</testsuite> <!-- com.crm.gen.contacttest.CreateContactTest -->
